Build started 2017-06-13 21:09:32.
     1>Project "C:\Users\Michal\Desktop\LFSR\LFSR\LFSR.vcxproj" on node 2 (Build target(s)).
     1>ClCompile:
         C:\Program Files (x86)\Microsoft Visual Studio 12.0\VC\bin\CL.exe /c /Zi /nologo /W3 /WX- /sdl /O2 /Oi /Oy- /GL /D WIN32 /D NDEBUG /D _CONSOLE /D _LIB /D _UNICODE /D UNICODE /Gm- /EHsc /MD /GS /Gy /fp:precise /Zc:wchar_t /Zc:forScope /Yu"stdafx.h" /Fp"Release\LFSR.pch" /Fo"Release\\" /Fd"Release\vc120.pdb" /Gd /TP /analyze- /errorReport:prompt LFSR.cpp
         LFSR.cpp
     1>LFSR.cpp(66): warning C4018: '<' : signed/unsigned mismatch
     1>LFSR.cpp(76): warning C4018: '<' : signed/unsigned mismatch
     1>LFSR.cpp(102): warning C4018: '<' : signed/unsigned mismatch
     1>LFSR.cpp(136): warning C4244: 'initializing' : conversion from 'double' to 'unsigned int', possible loss of data
     1>LFSR.cpp(167): warning C4018: '<' : signed/unsigned mismatch
     1>LFSR.cpp(193): warning C4018: '<=' : signed/unsigned mismatch
       Link:
         C:\Program Files (x86)\Microsoft Visual Studio 12.0\VC\bin\link.exe /ERRORREPORT:PROMPT /OUT:"C:\Users\Michal\Desktop\LFSR\Release\LFSR.exe" /INCREMENTAL:NO /NOLOGO kernel32.lib user32.lib gdi32.lib winspool.lib comdlg32.lib advapi32.lib shell32.lib ole32.lib oleaut32.lib uuid.lib odbc32.lib odbccp32.lib /MANIFEST /MANIFESTUAC:"level='asInvoker' uiAccess='false'" /manifest:embed /DEBUG /PDB:"C:\Users\Michal\Desktop\LFSR\Release\LFSR.pdb" /SUBSYSTEM:CONSOLE /OPT:REF /OPT:ICF /LTCG /TLBID:1 /DYNAMICBASE /NXCOMPAT /IMPLIB:"C:\Users\Michal\Desktop\LFSR\Release\LFSR.lib" /MACHINE:X86 /SAFESEH Release\LFSR.obj
         Release\stdafx.obj
         Generating code
         Finished generating code
         LFSR.vcxproj -> C:\Users\Michal\Desktop\LFSR\Release\LFSR.exe
     1>Done Building Project "C:\Users\Michal\Desktop\LFSR\LFSR\LFSR.vcxproj" (Build target(s)).

Build succeeded.

Time Elapsed 00:00:01.20
